#
# There is insufficient memory for the Java Runtime Environment to continue.
# Native memory allocation (mmap) failed to map 123731968 bytes for G1 virtual space
# Possible reasons:
#   The system is out of physical RAM or swap space
#   The process is running with CompressedOops enabled, and the Java Heap may be blocking the growth of the native heap
# Possible solutions:
#   Reduce memory load on the system
#   Increase physical memory or swap space
#   Check if swap backing store is full
#   Decrease Java heap size (-Xmx/-Xms)
#   Decrease number of Java threads
#   Decrease Java thread stack sizes (-Xss)
#   Set larger code cache with -XX:ReservedCodeCacheSize=
#   JVM is running with Unscaled Compressed Oops mode in which the Java heap is
#     placed in the first 4GB address space. The Java Heap base address is the
#     maximum limit for the native heap growth. Please use -XX:HeapBaseMinAddress
#     to set the Java Heap base and to place the Java Heap above 4GB virtual address.
# This output file may be truncated or incomplete.
#
#  Out of Memory Error (os_windows.cpp:3536), pid=24764, tid=32828
#
# JRE version:  (19.0.2+7) (build )
# Java VM: Java HotSpot(TM) 64-Bit Server VM (19.0.2+7-44, mixed mode, sharing, tiered, compressed oops, compressed class ptrs, g1 gc, windows-amd64)
# No core dump will be written. Minidumps are not enabled by default on client versions of Windows
#

---------------  S U M M A R Y ------------

Command Line: -Dnet.bytebuddy.agent.attacher.dump= net.bytebuddy.agent.Attacher com.sun.tools.attach.VirtualMachine 17232 C:\Users\Martin\.m2\repository\net\bytebuddy\byte-buddy-agent\1.14.9\byte-buddy-agent-1.14.9.jar false 

Host: AMD Ryzen 5 5600H with Radeon Graphics         , 12 cores, 7G,  Windows 11 , 64 bit Build 22621 (10.0.22621.2428)
Time: Sun Nov 12 23:20:38 2023 Hora estándar de Argentina elapsed time: 0.010922 seconds (0d 0h 0m 0s)

---------------  T H R E A D  ---------------

Current thread (0x0000027d9dfdacd0):  JavaThread "Unknown thread" [_thread_in_vm, id=32828, stack(0x000000c655000000,0x000000c655100000)]

Stack: [0x000000c655000000,0x000000c655100000]
Native frames: (J=compiled Java code, j=interpreted, Vv=VM code, C=native code)
V  [jvm.dll+0x6ee21a]
V  [jvm.dll+0x85765e]
V  [jvm.dll+0x85904e]
V  [jvm.dll+0x859703]
V  [jvm.dll+0x28298f]
V  [jvm.dll+0x6eb009]
V  [jvm.dll+0x6dfbaa]
V  [jvm.dll+0x3573f6]
V  [jvm.dll+0x35ee56]
V  [jvm.dll+0x3b541e]
V  [jvm.dll+0x3b564f]
V  [jvm.dll+0x32c9ea]
V  [jvm.dll+0x32d89e]
V  [jvm.dll+0x821780]
V  [jvm.dll+0x3c2661]
V  [jvm.dll+0x801f51]
V  [jvm.dll+0x44ae8f]
V  [jvm.dll+0x44c811]
C  [jli.dll+0x5287]
C  [ucrtbase.dll+0x29363]
C  [KERNEL32.DLL+0x1257d]
C  [ntdll.dll+0x5aa78]


---------------  P R O C E S S  ---------------

Threads class SMR info:
_java_thread_list=0x00007ffd5a67d048, length=0, elements={
}

Java Threads: ( => current thread )

Other Threads:
  0x0000027d9e037dc0 WorkerThread "GC Thread#0" [stack: 0x000000c655100000,0x000000c655200000] [id=12460]
  0x0000027d9e047a00 ConcurrentGCThread "G1 Main Marker" [stack: 0x000000c655200000,0x000000c655300000] [id=9868]
  0x0000027d9e048430 WorkerThread "G1 Conc#0" [stack: 0x000000c655300000,0x000000c655400000] [id=15160]

[error occurred during error reporting (printing all threads), id 0xc0000005, EXCEPTION_ACCESS_VIOLATION (0xc0000005) at pc=0x00007ffd59e3d427]

VM state: not at safepoint (not fully initialized)

VM Mutex/Monitor currently owned by a thread:  ([mutex/lock_event])
[0x0000027d9dfd9d30] Heap_lock - owner thread: 0x0000027d9dfdacd0

Heap address: 0x000000008a600000, size: 1882 MB, Compressed Oops mode: 32-bit

CDS archive(s) mapped at: [0x0000000000000000-0x0000000000000000-0x0000000000000000), size 0, SharedBaseAddress: 0x0000000800000000, ArchiveRelocationMode: 0.
Narrow klass base: 0x0000000000000000, Narrow klass shift: 0, Narrow klass range: 0x0

GC Precious Log:
 CardTable entry size: 512
 Card Set container configuration: InlinePtr #cards 5 size 8 Array Of Cards #cards 12 size 40 Howl #buckets 4 coarsen threshold 1843 Howl Bitmap #cards 512 size 80 coarsen threshold 460 Card regions per heap region 1 cards per card region 2048

Heap:
 garbage-first heap   total 0K, used 0K [0x000000008a600000, 0x0000000100000000)
  region size 1024K, 0 young (0K), 0 survivors (0K)

[error occurred during error reporting (printing heap information), id 0xc0000005, EXCEPTION_ACCESS_VIOLATION (0xc0000005) at pc=0x00007ffd5a246649]

GC Heap History (0 events):
No events

Dll operation events (1 events):
Event: 0.007 Loaded shared library C:\Program Files\Java\jdk-19\bin\java.dll

Deoptimization events (0 events):
No events

Classes loaded (0 events):
No events

Classes unloaded (0 events):
No events

Classes redefined (0 events):
No events

Internal exceptions (0 events):
No events

VM Operations (0 events):
No events

Events (0 events):
No events


Dynamic libraries:
0x00007ff7bc0d0000 - 0x00007ff7bc0e0000 	C:\Program Files\Java\jdk-19\bin\java.exe
0x00007ffe1f2f0000 - 0x00007ffe1f507000 	C:\WINDOWS\SYSTEM32\ntdll.dll
0x00007ffe1ef70000 - 0x00007ffe1f034000 	C:\WINDOWS\System32\KERNEL32.DLL
0x00007ffe1ca10000 - 0x00007ffe1cdb6000 	C:\WINDOWS\System32\KERNELBASE.dll
0x00007ffe1c6e0000 - 0x00007ffe1c7f1000 	C:\WINDOWS\System32\ucrtbase.dll
0x00007ffdc58d0000 - 0x00007ffdc58e8000 	C:\Program Files\Java\jdk-19\bin\jli.dll
0x00007ffdc58f0000 - 0x00007ffdc590b000 	C:\Program Files\Java\jdk-19\bin\VCRUNTIME140.dll
0x00007ffe1eb30000 - 0x00007ffe1ebe0000 	C:\WINDOWS\System32\ADVAPI32.dll
0x00007ffe1e880000 - 0x00007ffe1e927000 	C:\WINDOWS\System32\msvcrt.dll
0x00007ffe1f040000 - 0x00007ffe1f0e6000 	C:\WINDOWS\System32\sechost.dll
0x00007ffe1ee40000 - 0x00007ffe1ef57000 	C:\WINDOWS\System32\RPCRT4.dll
0x00007ffe1d130000 - 0x00007ffe1d2dd000 	C:\WINDOWS\System32\USER32.dll
0x00007ffe1d020000 - 0x00007ffe1d046000 	C:\WINDOWS\System32\win32u.dll
0x00007ffe01a00000 - 0x00007ffe01c93000 	C:\WINDOWS\WinSxS\amd64_microsoft.windows.common-controls_6595b64144ccf1df_6.0.22621.2361_none_2712ced57382f843\COMCTL32.dll
0x00007ffe1ee10000 - 0x00007ffe1ee39000 	C:\WINDOWS\System32\GDI32.dll
0x00007ffe1cf00000 - 0x00007ffe1d018000 	C:\WINDOWS\System32\gdi32full.dll
0x00007ffe1c970000 - 0x00007ffe1ca0a000 	C:\WINDOWS\System32\msvcp_win.dll
0x00007ffe14460000 - 0x00007ffe1446a000 	C:\WINDOWS\SYSTEM32\VERSION.dll
0x00007ffe1ed60000 - 0x00007ffe1ed91000 	C:\WINDOWS\System32\IMM32.DLL
0x00007ffdd7e50000 - 0x00007ffdd7e5c000 	C:\Program Files\Java\jdk-19\bin\vcruntime140_1.dll
0x00007ffdbeef0000 - 0x00007ffdbef7e000 	C:\Program Files\Java\jdk-19\bin\msvcp140.dll
0x00007ffd59b00000 - 0x00007ffd5a7c0000 	C:\Program Files\Java\jdk-19\bin\server\jvm.dll
0x00007ffdf0020000 - 0x00007ffdf0029000 	C:\WINDOWS\SYSTEM32\WSOCK32.dll
0x00007ffe14ed0000 - 0x00007ffe14f04000 	C:\WINDOWS\SYSTEM32\WINMM.dll
0x00007ffe1dbb0000 - 0x00007ffe1dc21000 	C:\WINDOWS\System32\WS2_32.dll
0x00007ffe1b610000 - 0x00007ffe1b628000 	C:\WINDOWS\SYSTEM32\kernel.appcore.dll
0x00007ffdd1800000 - 0x00007ffdd180a000 	C:\Program Files\Java\jdk-19\bin\jimage.dll
0x00007ffe084c0000 - 0x00007ffe086ee000 	C:\WINDOWS\SYSTEM32\DBGHELP.DLL
0x00007ffe1d390000 - 0x00007ffe1d71a000 	C:\WINDOWS\System32\combase.dll
0x00007ffe1d050000 - 0x00007ffe1d127000 	C:\WINDOWS\System32\OLEAUT32.dll
0x00007ffe00c00000 - 0x00007ffe00c32000 	C:\WINDOWS\SYSTEM32\dbgcore.DLL
0x00007ffe1cdc0000 - 0x00007ffe1ce3a000 	C:\WINDOWS\System32\bcryptPrimitives.dll
0x00007ffdc58a0000 - 0x00007ffdc58c6000 	C:\Program Files\Java\jdk-19\bin\java.dll

dbghelp: loaded successfully - version: 4.0.5 - missing functions: none
symbol engine: initialized successfully - sym options: 0x614 - pdb path: .;C:\Program Files\Java\jdk-19\bin;C:\WINDOWS\SYSTEM32;C:\WINDOWS\WinSxS\amd64_microsoft.windows.common-controls_6595b64144ccf1df_6.0.22621.2361_none_2712ced57382f843;C:\Program Files\Java\jdk-19\bin\server

VM Arguments:
jvm_args: -Dnet.bytebuddy.agent.attacher.dump= 
java_command: net.bytebuddy.agent.Attacher com.sun.tools.attach.VirtualMachine 17232 C:\Users\Martin\.m2\repository\net\bytebuddy\byte-buddy-agent\1.14.9\byte-buddy-agent-1.14.9.jar false 
java_class_path (initial): C:\Users\Martin\.m2\repository\net\bytebuddy\byte-buddy-agent\1.14.9\byte-buddy-agent-1.14.9.jar
Launcher Type: SUN_STANDARD

[Global flags]
     intx CICompilerCount                          = 4                                         {product} {ergonomic}
     uint ConcGCThreads                            = 3                                         {product} {ergonomic}
     uint G1ConcRefinementThreads                  = 10                                        {product} {ergonomic}
   size_t G1HeapRegionSize                         = 1048576                                   {product} {ergonomic}
    uintx GCDrainStackTargetSize                   = 64                                        {product} {ergonomic}
   size_t InitialHeapSize                          = 123731968                                 {product} {ergonomic}
   size_t MarkStackSize                            = 4194304                                   {product} {ergonomic}
   size_t MaxHeapSize                              = 1973420032                                {product} {ergonomic}
   size_t MinHeapDeltaBytes                        = 1048576                                   {product} {ergonomic}
   size_t MinHeapSize                              = 8388608                                   {product} {ergonomic}
    uintx NonNMethodCodeHeapSize                   = 5839372                                {pd product} {ergonomic}
    uintx NonProfiledCodeHeapSize                  = 122909434                              {pd product} {ergonomic}
    uintx ProfiledCodeHeapSize                     = 122909434                              {pd product} {ergonomic}
    uintx ReservedCodeCacheSize                    = 251658240                              {pd product} {ergonomic}
     bool SegmentedCodeCache                       = true                                      {product} {ergonomic}
   size_t SoftMaxHeapSize                          = 1973420032                             {manageable} {ergonomic}
     bool UseCompressedClassPointers               = true                           {product lp64_product} {ergonomic}
     bool UseCompressedOops                        = true                           {product lp64_product} {ergonomic}
     bool UseG1GC                                  = true                                      {product} {ergonomic}
     bool UseLargePagesIndividualAllocation        = false                                  {pd product} {ergonomic}

Logging:
Log output configuration:
 #0: stdout all=warning uptime,level,tags foldmultilines=false
 #1: stderr all=off uptime,level,tags foldmultilines=false

Environment Variables:
JAVA_HOME=C:\Program Files\Java\jdk-19
PATH=C:\Program Files (x86)\Razer Chroma SDK\bin;C:\Program Files\Razer Chroma SDK\bin;C:\Program Files (x86)\Razer\ChromaBroadcast\bin;C:\Program Files\Razer\ChromaBroadcast\bin;C:\app\Martin\product\21c\dbhomeXE\bin;C:\Program Files\Common Files\Oracle\Java\javapath;C:\windows\system32;C:\windows;C:\windows\System32\Wbem;C:\windows\System32\WindowsPowerShell\v1.0\;C:\windows\System32\OpenSSH\;C:\Program Files (x86)\NVIDIA Corporation\PhysX\Common;C:\Program Files\NVIDIA Corporation\NVIDIA NvDLISR;C:\Program Files\Maven\apache-maven-3.8.7\bin;C:\liquibase-4.7.1;C:\Program Files\Java\jdk-19;C:\WINDOWS\system32;C:\WINDOWS;C:\WINDOWS\System32\Wbem;C:\WINDOWS\System32\WindowsPowerShell\v1.0\;C:\WINDOWS\System32\OpenSSH\;C:\TDM-GCC-64\bin;C:\msys64\ucrt64\bin;C:\WINDOWS\system32\config\systemprofile\AppData\Local\Microsoft\WindowsApps;C:\Program Files\dotnet\;C:\Users\Martin\AppData\Roaming\Python\Scripts;C:\Program Files\Git\cmd;C:\Program Files\nodejs\;C:\Users\Martin\AppData\Local\Programs\Python\Python311\Scripts\;C:\Users\Martin\AppData\Local\Programs\Python\Python311\;C:\Program Files\MySQL\MySQL Shell 8.0\bin\;C:\Users\Martin\AppData\Local\Microsoft\WindowsApps;C:\Users\Martin\AppData\Local\Programs\Microsoft VS Code\bin;C:\Program Files\JetBrains\IntelliJ IDEA Community Edition 2022.3.2\bin;;C:\liquibase-4.7.1;C:\Program Files\Java\jdk-19;C:\Users\Martin\AppData\Roaming\Python\Scripts;C:\Program Files\MongoDB\Server\6.0\bin;C:\Users\Martin\AppData\Roaming\npm
USERNAME=Martin
OS=Windows_NT
PROCESSOR_IDENTIFIER=AMD64 Family 25 Model 80 Stepping 0, AuthenticAMD
TMP=C:\Users\Martin\AppData\Local\Temp
TEMP=C:\Users\Martin\AppData\Local\Temp



---------------  S Y S T E M  ---------------

OS:
 Windows 11 , 64 bit Build 22621 (10.0.22621.2428)
OS uptime: 5 days 5:04 hours
Hyper-V role detected

CPU: total 12 (initial active 12) (12 cores per cpu, 2 threads per core) family 25 model 80 stepping 0 microcode 0x0, cx8, cmov, fxsr, ht, mmx, 3dnowpref, sse, sse2, sse3, ssse3, sse4a, sse4.1, sse4.2, popcnt, lzcnt, tsc, tscinvbit, avx, avx2, aes, erms, clmul, bmi1, bmi2, adx, sha, fma, vzeroupper, clflush, clflushopt, hv, rdtscp, rdpid, fsrm

Memory: 4k page, system-wide physical 7521M (755M free)
TotalPageFile size 31073M (AvailPageFile size 105M)
current process WorkingSet (physical memory assigned to process): 11M, peak: 11M
current process commit charge ("private bytes"): 64M, peak: 182M

vm_info: Java HotSpot(TM) 64-Bit Server VM (19.0.2+7-44) for windows-amd64 JRE (19.0.2+7-44), built on 2022-11-30T18:02:09Z by "mach5one" with MS VC++ 17.1 (VS2022)

END.
